<?xml version="1.0" encoding="UTF-8"?>
<testsuite xmlns:xsi="http://www.w3.org/2001/XMLSchema-instance" xsi:noNamespaceSchemaLocation="https://maven.apache.org/surefire/maven-surefire-plugin/xsd/surefire-test-report-3.0.xsd" version="3.0" name="com.testparser.AppTest" time="0.019" tests="1" errors="0" skipped="0" failures="0">
  <properties>
    <property name="java.specification.version" value="21"/>
    <property name="sun.jnu.encoding" value="UTF-8"/>
    <property name="java.class.path" value="/Users/zhaogengwu/Documents/GitHub/test-parser/target/test-classes:/Users/zhaogengwu/Documents/GitHub/test-parser/target/classes:/Users/zhaogengwu/.m2/repository/com/github/javaparser/javaparser-core/3.25.7/javaparser-core-3.25.7.jar:/Users/zhaogengwu/.m2/repository/com/google/guava/guava/32.1.3-jre/guava-32.1.3-jre.jar:/Users/zhaogengwu/.m2/repository/com/google/guava/failureaccess/1.0.1/failureaccess-1.0.1.jar:/Users/zhaogengwu/.m2/repository/com/google/guava/listenablefuture/9999.0-empty-to-avoid-conflict-with-guava/listenablefuture-9999.0-empty-to-avoid-conflict-with-guava.jar:/Users/zhaogengwu/.m2/repository/com/google/code/findbugs/jsr305/3.0.2/jsr305-3.0.2.jar:/Users/zhaogengwu/.m2/repository/org/checkerframework/checker-qual/3.37.0/checker-qual-3.37.0.jar:/Users/zhaogengwu/.m2/repository/com/google/errorprone/error_prone_annotations/2.21.1/error_prone_annotations-2.21.1.jar:/Users/zhaogengwu/.m2/repository/com/google/j2objc/j2objc-annotations/2.8/j2objc-annotations-2.8.jar:/Users/zhaogengwu/.m2/repository/com/github/javaparser/javaparser-symbol-solver-core/3.25.7/javaparser-symbol-solver-core-3.25.7.jar:/Users/zhaogengwu/.m2/repository/org/javassist/javassist/3.29.2-GA/javassist-3.29.2-GA.jar:/Users/zhaogengwu/.m2/repository/com/fasterxml/jackson/core/jackson-databind/2.15.2/jackson-databind-2.15.2.jar:/Users/zhaogengwu/.m2/repository/com/fasterxml/jackson/core/jackson-annotations/2.15.2/jackson-annotations-2.15.2.jar:/Users/zhaogengwu/.m2/repository/com/fasterxml/jackson/core/jackson-core/2.15.2/jackson-core-2.15.2.jar:/Users/zhaogengwu/.m2/repository/junit/junit/4.13.2/junit-4.13.2.jar:/Users/zhaogengwu/.m2/repository/org/hamcrest/hamcrest-core/1.3/hamcrest-core-1.3.jar:"/>
    <property name="java.vm.vendor" value="Homebrew"/>
    <property name="sun.arch.data.model" value="64"/>
    <property name="java.vendor.url" value="https://github.com/Homebrew/homebrew-core/issues"/>
    <property name="os.name" value="Mac OS X"/>
    <property name="java.vm.specification.version" value="21"/>
    <property name="sun.java.launcher" value="SUN_STANDARD"/>
    <property name="user.country" value="US"/>
    <property name="sun.boot.library.path" value="/opt/homebrew/Cellar/openjdk/21/libexec/openjdk.jdk/Contents/Home/lib"/>
    <property name="sun.java.command" value="/Users/zhaogengwu/Documents/GitHub/test-parser/target/surefire/surefirebooter-20250922155242773_3.jar /Users/zhaogengwu/Documents/GitHub/test-parser/target/surefire 2025-09-22T15-52-42_581-jvmRun1 surefire-20250922155242773_1tmp surefire_0-20250922155242773_2tmp"/>
    <property name="jdk.debug" value="release"/>
    <property name="surefire.test.class.path" value="/Users/zhaogengwu/Documents/GitHub/test-parser/target/test-classes:/Users/zhaogengwu/Documents/GitHub/test-parser/target/classes:/Users/zhaogengwu/.m2/repository/com/github/javaparser/javaparser-core/3.25.7/javaparser-core-3.25.7.jar:/Users/zhaogengwu/.m2/repository/com/google/guava/guava/32.1.3-jre/guava-32.1.3-jre.jar:/Users/zhaogengwu/.m2/repository/com/google/guava/failureaccess/1.0.1/failureaccess-1.0.1.jar:/Users/zhaogengwu/.m2/repository/com/google/guava/listenablefuture/9999.0-empty-to-avoid-conflict-with-guava/listenablefuture-9999.0-empty-to-avoid-conflict-with-guava.jar:/Users/zhaogengwu/.m2/repository/com/google/code/findbugs/jsr305/3.0.2/jsr305-3.0.2.jar:/Users/zhaogengwu/.m2/repository/org/checkerframework/checker-qual/3.37.0/checker-qual-3.37.0.jar:/Users/zhaogengwu/.m2/repository/com/google/errorprone/error_prone_annotations/2.21.1/error_prone_annotations-2.21.1.jar:/Users/zhaogengwu/.m2/repository/com/google/j2objc/j2objc-annotations/2.8/j2objc-annotations-2.8.jar:/Users/zhaogengwu/.m2/repository/com/github/javaparser/javaparser-symbol-solver-core/3.25.7/javaparser-symbol-solver-core-3.25.7.jar:/Users/zhaogengwu/.m2/repository/org/javassist/javassist/3.29.2-GA/javassist-3.29.2-GA.jar:/Users/zhaogengwu/.m2/repository/com/fasterxml/jackson/core/jackson-databind/2.15.2/jackson-databind-2.15.2.jar:/Users/zhaogengwu/.m2/repository/com/fasterxml/jackson/core/jackson-annotations/2.15.2/jackson-annotations-2.15.2.jar:/Users/zhaogengwu/.m2/repository/com/fasterxml/jackson/core/jackson-core/2.15.2/jackson-core-2.15.2.jar:/Users/zhaogengwu/.m2/repository/junit/junit/4.13.2/junit-4.13.2.jar:/Users/zhaogengwu/.m2/repository/org/hamcrest/hamcrest-core/1.3/hamcrest-core-1.3.jar:"/>
    <property name="sun.cpu.endian" value="little"/>
    <property name="user.home" value="/Users/zhaogengwu"/>
    <property name="user.language" value="zh"/>
    <property name="java.specification.vendor" value="Oracle Corporation"/>
    <property name="java.version.date" value="2023-09-19"/>
    <property name="java.home" value="/opt/homebrew/Cellar/openjdk/21/libexec/openjdk.jdk/Contents/Home"/>
    <property name="file.separator" value="/"/>
    <property name="basedir" value="/Users/zhaogengwu/Documents/GitHub/test-parser"/>
    <property name="java.vm.compressedOopsMode" value="Zero based"/>
    <property name="line.separator" value="&#10;"/>
    <property name="java.vm.specification.vendor" value="Oracle Corporation"/>
    <property name="java.specification.name" value="Java Platform API Specification"/>
    <property name="apple.awt.application.name" value="ForkedBooter"/>
    <property name="surefire.real.class.path" value="/Users/zhaogengwu/Documents/GitHub/test-parser/target/surefire/surefirebooter-20250922155242773_3.jar"/>
    <property name="user.script" value="Hans"/>
    <property name="sun.management.compiler" value="HotSpot 64-Bit Tiered Compilers"/>
    <property name="java.runtime.version" value="21"/>
    <property name="user.name" value="zhaogengwu"/>
    <property name="stdout.encoding" value="UTF-8"/>
    <property name="path.separator" value=":"/>
    <property name="os.version" value="26.0"/>
    <property name="java.runtime.name" value="OpenJDK Runtime Environment"/>
    <property name="file.encoding" value="UTF-8"/>
    <property name="java.vm.name" value="OpenJDK 64-Bit Server VM"/>
    <property name="java.vendor.version" value="Homebrew"/>
    <property name="localRepository" value="/Users/zhaogengwu/.m2/repository"/>
    <property name="java.vendor.url.bug" value="https://github.com/Homebrew/homebrew-core/issues"/>
    <property name="java.io.tmpdir" value="/var/folders/sx/70p0lycx78x1vgpf76chsmmc0000gn/T/"/>
    <property name="java.version" value="21"/>
    <property name="user.dir" value="/Users/zhaogengwu/Documents/GitHub/test-parser"/>
    <property name="os.arch" value="aarch64"/>
    <property name="java.vm.specification.name" value="Java Virtual Machine Specification"/>
    <property name="native.encoding" value="UTF-8"/>
    <property name="java.library.path" value="/Users/zhaogengwu/Library/Java/Extensions:/Library/Java/Extensions:/Network/Library/Java/Extensions:/System/Library/Java/Extensions:/usr/lib/java:."/>
    <property name="java.vm.info" value="mixed mode, sharing"/>
    <property name="stderr.encoding" value="UTF-8"/>
    <property name="java.vendor" value="Homebrew"/>
    <property name="java.vm.version" value="21"/>
    <property name="sun.io.unicode.encoding" value="UnicodeBig"/>
    <property name="java.class.version" value="65.0"/>
  </properties>
  <testcase name="testApp" classname="com.testparser.AppTest" time="0.002"/>
</testsuite>